<?xml version="1.0" encoding="UTF-8"?>
<testng-results ignored="0" total="1" passed="1" failed="0" skipped="0">
  <reporter-output>
  </reporter-output>
  <suite started-at="2023-08-16T16:32:57 IST" name="Default suite" finished-at="2023-08-16T16:33:04 IST" duration-ms="6733">
    <groups>
    </groups>
    <test started-at="2023-08-16T16:32:57 IST" name="Default test" finished-at="2023-08-16T16:33:04 IST" duration-ms="6733">
      <class name="features.message">
        <test-method signature="test()[pri:0, instance:features.message@479d31f3]" started-at="2023-08-16T16:32:57 IST" name="test" finished-at="2023-08-16T16:33:04 IST" duration-ms="6710" status="PASS">
          <reporter-output>
          </reporter-output>
        </test-method> <!-- test -->
      </class> <!-- features.message -->
    </test> <!-- Default test -->
  </suite> <!-- Default suite -->
</testng-results>
